Models imported successfully.
Error importing models or configuring mappers:
Mapper 'Mapper[User(usuarios)]' has no property 'role'.  If this property was indicated from other mappers or configure events, ensure registry.configure() has been called.
Traceback (most recent call last):
  File "/usr/local/lib/python3.10/site-packages/sqlalchemy/orm/mapper.py", line 2522, in get_property
    return self._props[key]
KeyError: 'role'

The above exception was the direct cause of the following exception:

Traceback (most recent call last):
  File "/app/debug_models.py", line 12, in <module>
    configure_mappers()
  File "/usr/local/lib/python3.10/site-packages/sqlalchemy/orm/mapper.py", line 4187, in configure_mappers
    _configure_registries(_all_registries(), cascade=True)
  File "/usr/local/lib/python3.10/site-packages/sqlalchemy/orm/mapper.py", line 4218, in _configure_registries
    _do_configure_registries(registries, cascade)
  File "/usr/local/lib/python3.10/site-packages/sqlalchemy/orm/mapper.py", line 4259, in _do_configure_registries
    mapper._post_configure_properties()
  File "/usr/local/lib/python3.10/site-packages/sqlalchemy/orm/mapper.py", line 2418, in _post_configure_properties
    prop.init()
  File "/usr/local/lib/python3.10/site-packages/sqlalchemy/orm/interfaces.py", line 595, in init
    self.do_init()
  File "/usr/local/lib/python3.10/site-packages/sqlalchemy/orm/relationships.py", line 1660, in do_init
    self._generate_backref()
  File "/usr/local/lib/python3.10/site-packages/sqlalchemy/orm/relationships.py", line 2144, in _generate_backref
    self._add_reverse_property(self.back_populates)
  File "/usr/local/lib/python3.10/site-packages/sqlalchemy/orm/relationships.py", line 1591, in _add_reverse_property
    other = self.mapper.get_property(key, _configure_mappers=False)
  File "/usr/local/lib/python3.10/site-packages/sqlalchemy/orm/mapper.py", line 2524, in get_property
    raise sa_exc.InvalidRequestError(
sqlalchemy.exc.InvalidRequestError: Mapper 'Mapper[User(usuarios)]' has no property 'role'.  If this property was indicated from other mappers or configure events, ensure registry.configure() has been called.
